<?xml version="1.0" encoding="UTF-8"?>
<testng-results skipped="0" failed="0" total="1" passed="1">
  <reporter-output>
  </reporter-output>
  <suite name="Default suite" duration-ms="120535" started-at="2017-03-20T06:13:30Z" finished-at="2017-03-20T06:15:31Z">
    <groups>
    </groups>
    <test name="Default test" duration-ms="120535" started-at="2017-03-20T06:13:30Z" finished-at="2017-03-20T06:15:31Z">
      <class name="test.LoginWithPageFactory">
        <test-method status="PASS" signature="Setup()[pri:0, instance:test.LoginWithPageFactory@4ba43077]" name="Setup" is-config="true" duration-ms="45444" started-at="2017-03-20T11:43:30Z" finished-at="2017-03-20T11:44:16Z">
          <reporter-output>
          </reporter-output>
        </test-method> <!-- Setup -->
        <test-method status="PASS" signature="test_Login_Page_For_HostUser()[pri:0, instance:test.LoginWithPageFactory@4ba43077]" name="test_Login_Page_For_HostUser" duration-ms="75044" started-at="2017-03-20T11:44:16Z" finished-at="2017-03-20T11:45:31Z">
          <reporter-output>
          </reporter-output>
        </test-method> <!-- test_Login_Page_For_HostUser -->
      </class> <!-- test.LoginWithPageFactory -->
    </test> <!-- Default test -->
  </suite> <!-- Default suite -->
</testng-results>
